[2018-06-13 08:59:14,100]-[log.py]-INFO:打开csv文件
[2018-06-13 08:59:14,100]-[log.py]-INFO:读取csv文件
[2018-06-13 08:59:14,116]-[log.py]-INFO:跳过第一行数据
[2018-06-13 08:59:14,116]-[log.py]-INFO:csv文件数据生成字典
[2018-06-13 08:59:14,158]-[log.py]-INFO:开始滑动欢迎页面...
[2018-06-13 08:59:18,192]-[log.py]-INFO:货栈登陆中...
[2018-06-13 08:59:35,424]-[log.py]-INFO:设置允许权限
[2018-06-13 08:59:59,332]-[log.py]-INFO:跳过权限设置
[2018-06-13 08:59:59,333]-[log.py]-INFO:回家 - 获取登录成功的断言文本
[2018-06-13 09:00:01,511]-[log.py]-INFO:登录成功，点击我的
[2018-06-13 09:00:02,562]-[log.py]-INFO:点击设置
[2018-06-13 09:00:03,454]-[log.py]-INFO:点击退出登录按钮
[2018-06-13 09:00:04,423]-[log.py]-INFO:开始执行断言
[2018-06-13 09:00:04,428]-[log.py]-INFO:获取page断言文本 - 成功
[2018-06-13 09:00:04,434]-[log.py]-INFO:执行登录成功断言
[2018-06-13 09:00:04,439]-[log.py]-INFO:csv文件数据生成字典
[2018-06-13 09:00:26,118]-[log.py]-INFO:货栈登陆中...
[2018-06-13 09:00:42,659]-[log.py]-INFO:设置允许权限
[2018-06-13 09:01:03,284]-[log.py]-INFO:跳过权限设置
[2018-06-13 09:01:03,284]-[log.py]-INFO:获取登录失败的断言文本
[2018-06-13 09:01:03,374]-[log.py]-INFO:执行登录失败用例
[2018-06-13 09:01:03,403]-[log.py]-INFO:开始执行断言
[2018-06-13 09:01:03,403]-[log.py]-INFO:获取page断言文本 - 失败
[2018-06-13 09:01:03,413]-[log.py]-INFO:执行登录失败断言
[2018-06-13 09:01:03,418]-[log.py]-INFO:csv文件数据生成字典
[2018-06-13 09:01:25,166]-[log.py]-INFO:货栈登陆中...
[2018-06-13 14:22:46,201]-[log.py]-INFO:打开csv文件
[2018-06-13 14:22:46,247]-[log.py]-INFO:读取csv文件
[2018-06-13 14:22:46,261]-[log.py]-INFO:跳过第一行数据
[2018-06-13 14:22:46,281]-[log.py]-INFO:csv文件数据生成字典
[2018-06-13 14:44:58,164]-[log.py]-INFO:打开csv文件
[2018-06-13 14:44:58,177]-[log.py]-INFO:读取csv文件
[2018-06-13 14:44:58,195]-[log.py]-INFO:跳过第一行数据
[2018-06-13 14:44:58,196]-[log.py]-INFO:csv文件数据生成字典
[2018-06-13 15:03:30,427]-[log.py]-INFO:打开csv文件
[2018-06-13 15:03:30,457]-[log.py]-INFO:读取csv文件
[2018-06-13 15:03:30,469]-[log.py]-INFO:跳过第一行数据
[2018-06-13 15:03:30,471]-[log.py]-INFO:csv文件数据生成字典
[2018-06-13 15:03:51,743]-[log.py]-INFO:货栈登陆中...
[2018-06-13 15:04:07,809]-[log.py]-INFO:设置允许权限
[2018-06-13 15:08:16,263]-[log.py]-INFO:打开csv文件
[2018-06-13 15:08:16,264]-[log.py]-INFO:读取csv文件
[2018-06-13 15:08:16,278]-[log.py]-INFO:跳过第一行数据
[2018-06-13 15:08:16,279]-[log.py]-INFO:csv文件数据生成字典
[2018-06-13 15:08:45,119]-[log.py]-INFO:打开csv文件
[2018-06-13 15:08:45,128]-[log.py]-INFO:读取csv文件
[2018-06-13 15:08:45,136]-[log.py]-INFO:跳过第一行数据
[2018-06-13 15:08:45,145]-[log.py]-INFO:csv文件数据生成字典
[2018-06-13 15:09:06,526]-[log.py]-INFO:货栈登陆中...
[2018-06-13 15:09:22,491]-[log.py]-INFO:设置允许权限
[2018-06-13 15:09:43,008]-[log.py]-INFO:跳过权限设置
[2018-06-13 15:09:43,011]-[log.py]-INFO:回家 - 获取登录成功的断言文本
[2018-06-13 15:09:45,879]-[log.py]-INFO:登录成功，点击我的
[2018-06-13 15:09:49,017]-[log.py]-INFO:点击设置
[2018-06-13 15:09:49,896]-[log.py]-INFO:点击退出登录按钮
[2018-06-13 15:09:50,765]-[log.py]-INFO:开始执行断言
[2018-06-13 15:09:50,774]-[log.py]-INFO:获取page断言文本 - 成功
[2018-06-13 15:09:50,782]-[log.py]-INFO:执行登录成功断言
[2018-06-13 15:09:50,785]-[log.py]-INFO:csv文件数据生成字典
[2018-06-13 15:26:04,702]-[log.py]-INFO:打开csv文件
[2018-06-13 15:26:04,708]-[log.py]-INFO:读取csv文件
[2018-06-13 15:26:04,719]-[log.py]-INFO:跳过第一行数据
[2018-06-13 15:26:04,729]-[log.py]-INFO:csv文件数据生成字典
[2018-06-13 15:26:26,066]-[log.py]-INFO:货栈登陆中...
[2018-06-13 15:26:42,051]-[log.py]-INFO:设置允许权限
[2018-06-13 15:27:03,009]-[log.py]-INFO:跳过权限设置
[2018-06-13 15:27:03,017]-[log.py]-INFO:回家 - 获取登录成功的断言文本
[2018-06-13 15:27:07,610]-[log.py]-INFO:登录成功，点击我的
[2018-06-13 15:27:08,085]-[log.py]-INFO:点击设置
[2018-06-13 15:27:09,064]-[log.py]-INFO:点击退出登录按钮
[2018-06-13 15:27:09,936]-[log.py]-INFO:开始执行断言
[2018-06-13 15:27:09,944]-[log.py]-INFO:获取page断言文本 - 成功
[2018-06-13 15:27:09,950]-[log.py]-INFO:执行登录成功断言
[2018-06-13 15:27:09,958]-[log.py]-INFO:csv文件数据生成字典
[2018-06-13 15:27:31,560]-[log.py]-INFO:货栈登陆中...
[2018-06-13 15:27:48,198]-[log.py]-INFO:设置允许权限
[2018-06-13 15:28:08,815]-[log.py]-INFO:跳过权限设置
[2018-06-13 15:28:08,822]-[log.py]-INFO:获取登录失败的断言文本
[2018-06-13 15:28:08,988]-[log.py]-INFO:执行登录失败用例
[2018-06-13 15:28:09,052]-[log.py]-INFO:开始执行断言
[2018-06-13 15:28:09,059]-[log.py]-INFO:获取page断言文本 - 失败
[2018-06-13 15:28:09,065]-[log.py]-INFO:执行登录失败断言
[2018-06-13 15:28:09,073]-[log.py]-INFO:csv文件数据生成字典
[2018-06-13 15:28:30,539]-[log.py]-INFO:货栈登陆中...
[2018-06-13 15:28:44,426]-[log.py]-INFO:设置允许权限
[2018-06-13 15:29:05,009]-[log.py]-INFO:跳过权限设置
[2018-06-13 15:29:05,011]-[log.py]-INFO:获取登录失败的断言文本
[2018-06-13 15:29:05,099]-[log.py]-INFO:执行登录失败用例
[2018-06-13 15:29:05,132]-[log.py]-INFO:开始执行断言
[2018-06-13 15:29:05,141]-[log.py]-INFO:获取page断言文本 - 失败
[2018-06-13 15:29:05,149]-[log.py]-INFO:执行登录失败断言
[2018-06-13 15:29:05,156]-[log.py]-INFO:csv文件数据生成字典
[2018-06-13 15:29:26,306]-[log.py]-INFO:货栈登陆中...
[2018-06-13 15:29:40,613]-[log.py]-INFO:设置允许权限
[2018-06-13 15:30:01,208]-[log.py]-INFO:跳过权限设置
[2018-06-13 15:30:01,216]-[log.py]-INFO:获取登录失败的断言文本
[2018-06-13 15:30:01,452]-[log.py]-INFO:执行登录失败用例
[2018-06-13 15:30:01,508]-[log.py]-INFO:开始执行断言
[2018-06-13 15:30:01,517]-[log.py]-INFO:获取page断言文本 - 失败
[2018-06-13 15:30:01,526]-[log.py]-INFO:执行登录失败断言
[2018-06-13 15:30:01,534]-[log.py]-INFO:csv文件数据生成字典
[2018-06-13 15:30:22,991]-[log.py]-INFO:货栈登陆中...
[2018-06-13 15:30:36,773]-[log.py]-INFO:设置允许权限
[2018-06-13 15:30:57,422]-[log.py]-INFO:跳过权限设置
[2018-06-13 15:30:57,424]-[log.py]-INFO:获取登录失败的断言文本
[2018-06-13 15:30:57,676]-[log.py]-INFO:执行登录失败用例
[2018-06-13 15:30:57,769]-[log.py]-INFO:开始执行断言
[2018-06-13 15:30:57,771]-[log.py]-INFO:获取page断言文本 - 失败
[2018-06-13 15:30:57,784]-[log.py]-INFO:执行登录失败断言
[2018-06-13 15:30:57,787]-[log.py]-INFO:csv文件数据生成字典
[2018-06-13 15:31:19,160]-[log.py]-INFO:货栈登陆中...
[2018-06-13 15:31:34,194]-[log.py]-INFO:设置允许权限
[2018-06-13 15:31:55,435]-[log.py]-INFO:跳过权限设置
[2018-06-13 15:31:55,443]-[log.py]-INFO:获取登录失败的断言文本
[2018-06-13 15:32:32,110]-[log.py]-INFO:开始执行断言
[2018-06-13 15:32:32,116]-[log.py]-INFO:获取page断言文本 - 失败
[2018-06-13 15:32:32,123]-[log.py]-INFO:csv文件数据生成字典
[2018-06-13 15:33:21,395]-[log.py]-INFO:设置允许权限
[2018-06-13 15:33:42,826]-[log.py]-INFO:跳过权限设置
[2018-06-13 15:33:42,841]-[log.py]-INFO:获取登录失败的断言文本
[2018-06-13 15:34:04,979]-[log.py]-INFO:开始执行断言
[2018-06-13 15:34:04,990]-[log.py]-INFO:获取page断言文本 - 失败
[2018-06-13 15:34:05,001]-[log.py]-INFO:csv文件数据生成字典
[2018-06-13 15:34:50,826]-[log.py]-INFO:设置允许权限
[2018-06-13 15:35:19,141]-[log.py]-INFO:跳过权限设置
[2018-06-13 15:35:19,142]-[log.py]-INFO:获取登录失败的断言文本
[2018-06-13 15:35:56,599]-[log.py]-INFO:开始执行断言
[2018-06-13 15:35:56,607]-[log.py]-INFO:获取page断言文本 - 失败
[2018-06-13 15:35:56,622]-[log.py]-INFO:csv文件数据生成字典
[2018-06-13 15:36:43,151]-[log.py]-INFO:设置允许权限
[2018-06-13 15:37:06,042]-[log.py]-INFO:跳过权限设置
[2018-06-13 15:37:06,048]-[log.py]-INFO:获取登录失败的断言文本
[2018-06-13 15:37:26,640]-[log.py]-INFO:开始执行断言
[2018-06-13 15:37:26,654]-[log.py]-INFO:获取page断言文本 - 失败
[2018-06-13 15:37:26,668]-[log.py]-INFO:csv文件数据生成字典
[2018-06-13 15:38:08,624]-[log.py]-INFO:设置允许权限
[2018-06-13 15:38:30,737]-[log.py]-INFO:跳过权限设置
[2018-06-13 15:38:30,745]-[log.py]-INFO:获取登录失败的断言文本
[2018-06-13 15:38:52,896]-[log.py]-INFO:开始执行断言
[2018-06-13 15:38:52,911]-[log.py]-INFO:获取page断言文本 - 失败
[2018-06-13 15:38:52,926]-[log.py]-INFO:关闭csv文件
[2018-06-13 17:27:28,433]-[log.py]-INFO:打开csv文件
[2018-06-13 17:27:28,463]-[log.py]-INFO:读取csv文件
[2018-06-13 17:27:28,463]-[log.py]-INFO:跳过第一行数据
[2018-06-13 17:27:28,478]-[log.py]-INFO:csv文件数据生成字典
[2018-06-13 17:27:50,454]-[log.py]-INFO:货栈登陆中...
[2018-06-13 17:29:55,284]-[log.py]-INFO:打开csv文件
[2018-06-13 17:29:55,300]-[log.py]-INFO:读取csv文件
[2018-06-13 17:29:55,300]-[log.py]-INFO:跳过第一行数据
[2018-06-13 17:29:55,300]-[log.py]-INFO:csv文件数据生成字典
[2018-06-13 17:30:36,765]-[log.py]-INFO:设置允许权限
[2018-06-13 19:34:04,358]-[log.py]-INFO:打开csv文件
[2018-06-13 19:34:04,390]-[log.py]-INFO:读取csv文件
[2018-06-13 19:34:04,407]-[log.py]-INFO:跳过第一行数据
[2018-06-13 19:34:04,407]-[log.py]-INFO:csv文件数据生成字典
[2018-06-13 19:39:45,692]-[log.py]-INFO:打开csv文件
[2018-06-13 19:39:45,704]-[log.py]-INFO:读取csv文件
[2018-06-13 19:39:45,719]-[log.py]-INFO:跳过第一行数据
[2018-06-13 19:39:45,719]-[log.py]-INFO:csv文件数据生成字典
[2018-06-13 19:40:07,002]-[log.py]-INFO:货栈登陆中...
[2018-06-13 19:40:23,017]-[log.py]-INFO:设置允许权限
[2018-06-13 19:40:49,049]-[log.py]-INFO:跳过权限设置
[2018-06-13 19:40:49,049]-[log.py]-INFO:回家 - 获取登录成功的断言文本
[2018-06-13 22:32:31,970]-[log.py]-INFO:打开csv文件
[2018-06-13 22:32:31,996]-[log.py]-INFO:读取csv文件
[2018-06-13 22:32:32,001]-[log.py]-INFO:跳过第一行数据
[2018-06-13 22:32:32,008]-[log.py]-INFO:csv文件数据生成字典
